#
# A fatal error has been detected by the Java Runtime Environment:
#
#  SIGSEGV (0xb) at pc=0x00007fff902aa097, pid=65114, tid=1287
#
# JRE version: Java(TM) SE Runtime Environment (7.0_45-b18) (build 1.7.0_45-b18)
# Java VM: Java HotSpot(TM) 64-Bit Server VM (24.45-b08 mixed mode bsd-amd64 compressed oops)
# Problematic frame:
# C  [libobjc.A.dylib+0x5097]  objc_msgSend+0x17
#
# Failed to write core dump. Core dumps have been disabled. To enable core dumping, try "ulimit -c unlimited" before starting Java again
#
# If you would like to submit a bug report, please visit:
#   http://bugreport.sun.com/bugreport/crash.jsp
# The crash happened outside the Java Virtual Machine in native code.
# See problematic frame for where to report the bug.
#

---------------  T H R E A D  ---------------

Current thread (0x00007fd472915000):  JavaThread "AppKit Thread" daemon [_thread_in_native, id=1287, stack(0x00007fff53e53000,0x00007fff53ed3000)]

siginfo:si_signo=SIGSEGV: si_errno=0, si_code=0 (SEGV0), si_addr=0x0000000000000000

Registers:
RAX=0x00007fd472489ca0, RBX=0x00000000000f42e9, RCX=0x0000000000000000, RDX=0x00007fd4724895c0
RSP=0x00007fff53ece428, RBP=0x00007fff53ece430, RSI=0x00007fff8d793d05, RDI=0x00007fd472489ca0
R8 =0x0000000000000040, R9 =0x00007fff53ece400, R10=0x00007fff8d793d05, R11=0x300007fd47246492
R12=0x00000000000f42e9, R13=0x00007fff53ece5f8, R14=0x00007fd4725f1990, R15=0x00007fff53ece558
RIP=0x00007fff902aa097, EFLAGS=0x0000000000010246, ERR=0x0000000000000000
  TRAPNO=0x000000000000000d

Top of Stack: (sp=0x00007fff53ece428)
0x00007fff53ece428:   00007fff8ed8bfcc 00007fff53ece790
0x00007fff53ece438:   00007fff8ec7fc5d 0000000000000003
0x00007fff53ece448:   000000010bd4a400 00007fff53ece490
0x00007fff53ece458:   00007fff8e1d2286 0000000000000798
0x00007fff53ece468:   00000000000f42eb 0000000000000002
0x00007fff53ece478:   00007fd4724905c0 00007fd47248ff00
0x00007fff53ece488:   00007fd4725238e0 00007fd4724895c0
0x00007fff53ece498:   00007fff53ece550 0000000000000000
0x00007fff53ece4a8:   00000000000f42e9 0000000000000051
0x00007fff53ece4b8:   00007fff53ece5d0 0000000000000000
0x00007fff53ece4c8:   0000000000000001 00007fd4725238d0
0x00007fff53ece4d8:   000000000000004f 000000000012b831
0x00007fff53ece4e8:   0000010000000000 00007fff796ef980
0x00007fff53ece4f8:   0000206000b6d6ea 00007fff53ece650
0x00007fff53ece508:   0000000000000000 00007fff53ece5e8
0x00007fff53ece518:   00007fff53ece5c8 00007fff796ef968
0x00007fff53ece528:   0000000000000000 0000000000000024
0x00007fff53ece538:   00007fff93b6d6ea 00007fff79d40b08
0x00007fff53ece548:   0000000000000000 00007fd472490640
0x00007fff53ece558:   00007fd4725f1990 00007fff8aad9b08
0x00007fff53ece568:   0000000000000000 00007fff53ece630
0x00007fff53ece578:   00007fff8a78c26e 00007fff7971f0d0
0x00007fff53ece588:   0000000042000000 00007fff8a794671
0x00007fff53ece598:   00007fff796cbb30 00007fff53ece698
0x00007fff53ece5a8:   00007fff53ece5c8 00007fff53ece5e8
0x00007fff53ece5b8:   0000000000000000 000000010bd46001
0x00007fff53ece5c8:   0000000000000000 000000000000004d
0x00007fff53ece5d8:   0000000000000000 00000000000f42e1
0x00007fff53ece5e8:   000000000000004f 0000000000000000
0x00007fff53ece5f8:   00000000000f42e9 0000000153ece6a0
0x00007fff53ece608:   00007fff93b6e261 00007fff7a4b2748
0x00007fff53ece618:   00007fff7a4b274c 000000007a4ae1b8 

Instructions: (pc=0x00007fff902aa097)
0x00007fff902aa077:   90 90 90 90 90 90 90 90 90 48 85 ff 2e 74 72 40
0x00007fff902aa087:   f6 c7 01 2e 0f 85 7e 00 00 00 4c 8b 1f 49 89 f2
0x00007fff902aa097:   45 23 53 18 49 c1 e2 04 4d 03 53 10 49 3b 32 75
0x00007fff902aa0a7:   04 41 ff 62 08 49 83 3a 00 74 74 4d 3b 53 10 74 

Register to memory mapping:

RAX=0x00007fd472489ca0 is an unknown value
RBX=0x00000000000f42e9 is an unknown value
RCX=0x0000000000000000 is an unknown value
RDX=0x00007fd4724895c0 is an unknown value
RSP=0x00007fff53ece428 is pointing into the stack for thread: 0x00007fd472915000
RBP=0x00007fff53ece430 is pointing into the stack for thread: 0x00007fd472915000
RSI=0x00007fff8d793d05: NSAppKitVersionNumber+0x534c5 in /System/Library/Frameworks/AppKit.framework/Versions/C/AppKit at 0x00007fff8ccf2000
RDI=0x00007fd472489ca0 is an unknown value
R8 =0x0000000000000040 is an unknown value
R9 =0x00007fff53ece400 is pointing into the stack for thread: 0x00007fd472915000
R10=0x00007fff8d793d05: NSAppKitVersionNumber+0x534c5 in /System/Library/Frameworks/AppKit.framework/Versions/C/AppKit at 0x00007fff8ccf2000
R11=0x300007fd47246492 is an unknown value
R12=0x00000000000f42e9 is an unknown value
R13=0x00007fff53ece5f8 is pointing into the stack for thread: 0x00007fd472915000
R14=0x00007fd4725f1990 is an unknown value
R15=0x00007fff53ece558 is pointing into the stack for thread: 0x00007fd472915000


Stack: [0x00007fff53e53000,0x00007fff53ed3000],  sp=0x00007fff53ece428,  free space=493k
Native frames: (J=compiled Java code, j=interpreted, Vv=VM code, C=native code)
C  [libobjc.A.dylib+0x5097]  objc_msgSend+0x17
C  [CoreFoundation+0x10c5d]  _CFXNotificationPost+0xb4d
C  [Foundation+0x34aa]  -[NSNotificationCenter postNotificationName:object:userInfo:]+0x44
C  [AppKit+0x10f609]  -[NSSurface _disposeSurface]+0x98
C  [AppKit+0x10f0a5]  -[NSSurface setWindow:]+0x46
C  [AppKit+0x3af67]  -[NSView _setWindow:]+0x8ea
C  [AppKit+0x3bf9a]  -[NSView removeFromSuperview]+0x15e
C  [AppKit+0x98759]  -[NSView removeFromSuperviewWithoutNeedingDisplay]+0x26
C  [liblwjgl.jnilib+0x936e]  +[MacOSXKeyableWindow destroyWindow]+0xde
C  [Foundation+0x640de]  __NSThreadPerformPerform+0xe5
C  [CoreFoundation+0x7f8f1]  __CFRUNLOOP_IS_CALLING_OUT_TO_A_SOURCE0_PERFORM_FUNCTION__+0x11
C  [CoreFoundation+0x71062]  __CFRunLoopDoSources0+0xf2
C  [CoreFoundation+0x707ef]  __CFRunLoopRun+0x33f
C  [CoreFoundation+0x70275]  CFRunLoopRunSpecific+0x135
C  [HIToolbox+0x2ef0d]  RunCurrentEventLoopInMode+0xe2
C  [HIToolbox+0x2ecb7]  ReceiveNextEventCommon+0x1df
C  [HIToolbox+0x2eabc]  _BlockUntilNextEventMatchingListInModeWithFilter+0x41
C  [AppKit+0x2428e]  _DPSNextEvent+0x59a
C  [AppKit+0x238db]  -[NSApplication nextEventMatchingMask:untilDate:inMode:dequeue:]+0x7a
C  [libosxapp.dylib+0x16f4]  -[NSApplicationAWT nextEventMatchingMask:untilDate:inMode:dequeue:]+0x7c
C  [AppKit+0x179cc]  -[NSApplication run]+0x229
C  [libosxapp.dylib+0x1557]  +[NSApplicationAWT runAWTLoopWithApp:]+0x9c
C  [liblwawt.dylib+0xdba9]  -[AWTStarter starter:]+0x369
C  [Foundation+0x640de]  __NSThreadPerformPerform+0xe5
C  [CoreFoundation+0x7f8f1]  __CFRUNLOOP_IS_CALLING_OUT_TO_A_SOURCE0_PERFORM_FUNCTION__+0x11
C  [CoreFoundation+0x71062]  __CFRunLoopDoSources0+0xf2
C  [CoreFoundation+0x707ef]  __CFRunLoopRun+0x33f
C  [CoreFoundation+0x70275]  CFRunLoopRunSpecific+0x135
C  [java+0x73b0]  CreateExecutionEnvironment+0x367
C  [java+0x1b5c]  JLI_Launch+0x7a0
C  [java+0x770d]  main+0x65
C  [java+0x13b4]  start+0x34


---------------  P R O C E S S  ---------------

Java Threads: ( => current thread )
  0x00007fd47295e000 JavaThread "DestroyJavaVM" [_thread_blocked, id=4867, stack(0x000000010c87f000,0x000000010c97f000)]
  0x00007fd47295d000 JavaThread "LWJGL Application" [_thread_in_native, id=64515, stack(0x000000015d80c000,0x000000015d90c000)]
  0x00007fd4730d2000 JavaThread "AWT-Shutdown" [_thread_blocked, id=27147, stack(0x000000015ac2e000,0x000000015ad2e000)]
=>0x00007fd472915000 JavaThread "AppKit Thread" daemon [_thread_in_native, id=1287, stack(0x00007fff53e53000,0x00007fff53ed3000)]
  0x00007fd473036000 JavaThread "Service Thread" daemon [_thread_blocked, id=18435, stack(0x0000000158f7f000,0x000000015907f000)]
  0x00007fd472831000 JavaThread "C2 CompilerThread1" daemon [_thread_blocked, id=17923, stack(0x0000000158e7c000,0x0000000158f7c000)]
  0x00007fd47304f000 JavaThread "C2 CompilerThread0" daemon [_thread_blocked, id=17411, stack(0x0000000158d79000,0x0000000158e79000)]
  0x00007fd472824800 JavaThread "Signal Dispatcher" daemon [_thread_blocked, id=16899, stack(0x0000000158c76000,0x0000000158d76000)]
  0x00007fd473016800 JavaThread "Finalizer" daemon [_thread_blocked, id=11523, stack(0x0000000158a27000,0x0000000158b27000)]
  0x00007fd472820000 JavaThread "Reference Handler" daemon [_thread_blocked, id=11011, stack(0x0000000158924000,0x0000000158a24000)]

Other Threads:
  0x00007fd47281f800 VMThread [stack: 0x0000000158821000,0x0000000158921000] [id=10499]
  0x00007fd472825800 WatcherThread [stack: 0x0000000159082000,0x0000000159182000] [id=18947]

VM state:not at safepoint (normal execution)

VM Mutex/Monitor currently owned by a thread: None

Heap
 PSYoungGen      total 19456K, used 9867K [0x000000013f800000, 0x0000000140d80000, 0x0000000154d80000)
  eden space 16896K, 58% used [0x000000013f800000,0x00000001401a2da0,0x0000000140880000)
  from space 2560K, 0% used [0x0000000140b00000,0x0000000140b00000,0x0000000140d80000)
  to   space 2560K, 0% used [0x0000000140880000,0x0000000140880000,0x0000000140b00000)
 ParOldGen       total 43520K, used 0K [0x0000000114d80000, 0x0000000117800000, 0x000000013f800000)
  object space 43520K, 0% used [0x0000000114d80000,0x0000000114d80000,0x0000000117800000)
 PSPermGen       total 21504K, used 6263K [0x000000010fb80000, 0x0000000111080000, 0x0000000114d80000)
  object space 21504K, 29% used [0x000000010fb80000,0x000000011019df60,0x0000000111080000)

Card table byte_map: [0x0000000154d80000,0x0000000154faa000] byte_map_base: 0x0000000154502400

Polling page: 0x000000010c9be000

Code Cache  [0x000000010c9d1000, 0x000000010cc41000, 0x000000010f9d1000)
 total_blobs=451 nmethods=106 adapters=300 free_code_cache=48513Kb largest_free_block=49654464

Compilation events (10 events):
Event: 10.655 Thread 0x00007fd47304f000  102             com.badlogic.gdx.scenes.scene2d.Stage::act (237 bytes)
Event: 10.673 Thread 0x00007fd47304f000 nmethod 102 0x000000010ca73710 code [0x000000010ca73960, 0x000000010ca741b0]
Event: 11.566 Thread 0x00007fd472831000  103             sun.misc.FloatingDecimal::dtoa (1421 bytes)
Event: 11.640 Thread 0x00007fd472831000 nmethod 103 0x000000010ca6fad0 code [0x000000010ca6fd00, 0x000000010ca711c8]
Event: 12.133 Thread 0x00007fd47304f000  104             nl.basroding.explorer.Game::getCamera (7 bytes)
Event: 12.134 Thread 0x00007fd47304f000 nmethod 104 0x000000010ca6f890 code [0x000000010ca6f9c0, 0x000000010ca6fa38]
Event: 12.134 Thread 0x00007fd47304f000  105             nl.basroding.explorer.Core::getCamera (5 bytes)
Event: 12.134 Thread 0x00007fd47304f000 nmethod 105 0x000000010ca74dd0 code [0x000000010ca74f00, 0x000000010ca74f78]
Event: 12.549 Thread 0x00007fd472831000  106             java.nio.charset.CoderResult::isUnderflow (13 bytes)
Event: 12.550 Thread 0x00007fd472831000 nmethod 106 0x000000010ca6f690 code [0x000000010ca6f7c0, 0x000000010ca6f838]

GC Heap History (0 events):
No events

Deoptimization events (0 events):
No events

Internal exceptions (10 events):
Event: 1.240 Thread 0x00007fd47295d000 Threw 0x00000001400bf2e0 at /HUDSON/workspace/7u-2-build-macosx-x86_64/jdk7u45/229/hotspot/src/share/vm/prims/jvm.cpp:1244
Event: 1.247 Thread 0x00007fd47295d000 Threw 0x00000001400c8338 at /HUDSON/workspace/7u-2-build-macosx-x86_64/jdk7u45/229/hotspot/src/share/vm/prims/jvm.cpp:1244
Event: 1.248 Thread 0x00007fd47295d000 Threw 0x00000001400cc2d8 at /HUDSON/workspace/7u-2-build-macosx-x86_64/jdk7u45/229/hotspot/src/share/vm/prims/jvm.cpp:1244
Event: 1.990 Thread 0x00007fd47295d000 Threw 0x00000001400d2928 at /HUDSON/workspace/7u-2-build-macosx-x86_64/jdk7u45/229/hotspot/src/share/vm/prims/jvm.cpp:1244
Event: 2.053 Thread 0x00007fd47295d000 Threw 0x00000001400d6b38 at /HUDSON/workspace/7u-2-build-macosx-x86_64/jdk7u45/229/hotspot/src/share/vm/prims/jvm.cpp:1244
Event: 2.054 Thread 0x00007fd47295d000 Threw 0x00000001400db808 at /HUDSON/workspace/7u-2-build-macosx-x86_64/jdk7u45/229/hotspot/src/share/vm/prims/jvm.cpp:1244
Event: 13.444 Thread 0x00007fd47295d000 Threw 0x0000000140165ea8 at /HUDSON/workspace/7u-2-build-macosx-x86_64/jdk7u45/229/hotspot/src/share/vm/prims/jvm.cpp:1244
Event: 13.445 Thread 0x00007fd47295d000 Threw 0x00000001401696f0 at /HUDSON/workspace/7u-2-build-macosx-x86_64/jdk7u45/229/hotspot/src/share/vm/prims/jvm.cpp:1244
Event: 13.446 Thread 0x00007fd47295d000 Threw 0x000000014016dbb8 at /HUDSON/workspace/7u-2-build-macosx-x86_64/jdk7u45/229/hotspot/src/share/vm/prims/jvm.cpp:1244
Event: 13.468 Thread 0x00007fd47295d000 Threw 0x0000000140172558 at /HUDSON/workspace/7u-2-build-macosx-x86_64/jdk7u45/229/hotspot/src/share/vm/prims/jvm.cpp:1244

Events (10 events):
Event: 13.444 loading class 0x00007fd47253bef0
Event: 13.444 loading class 0x00007fd47253bef0 done
Event: 13.445 loading class 0x00007fd47253aa30
Event: 13.445 loading class 0x00007fd47253aa30 done
Event: 13.446 loading class 0x00007fd47253aae0
Event: 13.446 loading class 0x00007fd47253aae0 done
Event: 13.447 loading class 0x00000001577e4ce0
Event: 13.447 loading class 0x00000001577e4ce0 done
Event: 13.467 loading class 0x00007fd4725a30b0
Event: 13.467 loading class 0x00007fd4725a30b0 done


Dynamic libraries:
0x00000000093f0000 	/System/Library/Frameworks/Cocoa.framework/Versions/A/Cocoa
0x00000000093f0000 	/System/Library/Frameworks/Security.framework/Versions/A/Security
0x00000000093f0000 	/System/Library/Frameworks/ApplicationServices.framework/Versions/A/ApplicationServices
0x00000000093f0000 	/usr/lib/libz.1.dylib
0x00000000093f0000 	/usr/lib/libSystem.B.dylib
0x00000000093f0000 	/usr/lib/libobjc.A.dylib
0x00000000093f0000 	/System/Library/Frameworks/CoreFoundation.framework/Versions/A/CoreFoundation
0x00000000093f0000 	/System/Library/Frameworks/Foundation.framework/Versions/C/Foundation
0x00000000093f0000 	/System/Library/Frameworks/AppKit.framework/Versions/C/AppKit
0x00000000093f0000 	/System/Library/Frameworks/CoreData.framework/Versions/A/CoreData
0x00000000093f0000 	/System/Library/PrivateFrameworks/RemoteViewServices.framework/Versions/A/RemoteViewServices
0x00000000093f0000 	/System/Library/Frameworks/AudioToolbox.framework/Versions/A/AudioToolbox
0x00000000093f0000 	/System/Library/Frameworks/AudioUnit.framework/Versions/A/AudioUnit
0x00000000093f0000 	/System/Library/PrivateFrameworks/DataDetectorsCore.framework/Versions/A/DataDetectorsCore
0x00000000093f0000 	/System/Library/PrivateFrameworks/DesktopServicesPriv.framework/Versions/A/DesktopServicesPriv
0x00000000093f0000 	/System/Library/Frameworks/Carbon.framework/Versions/A/Frameworks/HIToolbox.framework/Versions/A/HIToolbox
0x00000000093f0000 	/System/Library/Frameworks/QuartzCore.framework/Versions/A/QuartzCore
0x00000000093f0000 	/System/Library/Frameworks/Carbon.framework/Versions/A/Frameworks/SpeechRecognition.framework/Versions/A/SpeechRecognition
0x00000000093f0000 	/usr/lib/libauto.dylib
0x00000000093f0000 	/usr/lib/libicucore.A.dylib
0x00000000093f0000 	/usr/lib/libxml2.2.dylib
0x00000000093f0000 	/System/Library/PrivateFrameworks/CoreUI.framework/Versions/A/CoreUI
0x00000000093f0000 	/System/Library/Frameworks/CoreAudio.framework/Versions/A/CoreAudio
0x00000000093f0000 	/System/Library/Frameworks/DiskArbitration.framework/Versions/A/DiskArbitration
0x00000000093f0000 	/usr/lib/liblangid.dylib
0x00000000093f0000 	/System/Library/PrivateFrameworks/MultitouchSupport.framework/Versions/A/MultitouchSupport
0x00000000093f0000 	/System/Library/Frameworks/IOKit.framework/Versions/A/IOKit
0x00000000093f0000 	/usr/lib/libDiagnosticMessagesClient.dylib
0x00000000093f0000 	/System/Library/Frameworks/CoreServices.framework/Versions/A/CoreServices
0x00000000093f0000 	/System/Library/PrivateFrameworks/PerformanceAnalysis.framework/Versions/A/PerformanceAnalysis
0x00000000093f0000 	/System/Library/PrivateFrameworks/GenerationalStorage.framework/Versions/A/GenerationalStorage
0x00000000093f0000 	/System/Library/Frameworks/OpenGL.framework/Versions/A/OpenGL
0x00000000093f0000 	/System/Library/PrivateFrameworks/Sharing.framework/Versions/A/Sharing
0x00000000093f0000 	/System/Library/Frameworks/ImageIO.framework/Versions/A/ImageIO
0x00000000093f0000 	/System/Library/Frameworks/CoreText.framework/Versions/A/CoreText
0x00000000093f0000 	/System/Library/Frameworks/CoreGraphics.framework/Versions/A/CoreGraphics
0x00000000093f0000 	/System/Library/PrivateFrameworks/Backup.framework/Versions/A/Backup
0x00000000093f0000 	/System/Library/Frameworks/CFNetwork.framework/Versions/A/CFNetwork
0x00000000093f0000 	/System/Library/Frameworks/SystemConfiguration.framework/Versions/A/SystemConfiguration
0x00000000093f0000 	/usr/lib/libCRFSuite.dylib
0x00000000093f0000 	/usr/lib/libc++.1.dylib
0x00000000093f0000 	/usr/lib/libc++abi.dylib
0x00000000093f0000 	/usr/lib/system/libcache.dylib
0x00000000093f0000 	/usr/lib/system/libcommonCrypto.dylib
0x00000000093f0000 	/usr/lib/system/libcompiler_rt.dylib
0x00000000093f0000 	/usr/lib/system/libcopyfile.dylib
0x00000000093f0000 	/usr/lib/system/libcorecrypto.dylib
0x00000000093f0000 	/usr/lib/system/libdispatch.dylib
0x00000000093f0000 	/usr/lib/system/libdyld.dylib
0x00000000093f0000 	/usr/lib/system/libkeymgr.dylib
0x00000000093f0000 	/usr/lib/system/liblaunch.dylib
0x00000000093f0000 	/usr/lib/system/libmacho.dylib
0x00000000093f0000 	/usr/lib/system/libquarantine.dylib
0x00000000093f0000 	/usr/lib/system/libremovefile.dylib
0x00000000093f0000 	/usr/lib/system/libsystem_asl.dylib
0x00000000093f0000 	/usr/lib/system/libsystem_blocks.dylib
0x00000000093f0000 	/usr/lib/system/libsystem_c.dylib
0x00000000093f0000 	/usr/lib/system/libsystem_configuration.dylib
0x00000000093f0000 	/usr/lib/system/libsystem_dnssd.dylib
0x00000000093f0000 	/usr/lib/system/libsystem_info.dylib
0x00000000093f0000 	/usr/lib/system/libsystem_kernel.dylib
0x00000000093f0000 	/usr/lib/system/libsystem_m.dylib
0x00000000093f0000 	/usr/lib/system/libsystem_malloc.dylib
0x00000000093f0000 	/usr/lib/system/libsystem_network.dylib
0x00000000093f0000 	/usr/lib/system/libsystem_notify.dylib
0x00000000093f0000 	/usr/lib/system/libsystem_platform.dylib
0x00000000093f0000 	/usr/lib/system/libsystem_pthread.dylib
0x00000000093f0000 	/usr/lib/system/libsystem_sandbox.dylib
0x00000000093f0000 	/usr/lib/system/libsystem_stats.dylib
0x00000000093f0000 	/usr/lib/system/libunc.dylib
0x00000000093f0000 	/usr/lib/system/libunwind.dylib
0x00000000093f0000 	/usr/lib/system/libxpc.dylib
0x00000000093f0000 	/usr/lib/libbsm.0.dylib
0x00000000093f0000 	/usr/lib/libsqlite3.dylib
0x00000000093f0000 	/usr/lib/libxar.1.dylib
0x00000000093f0000 	/usr/lib/libpam.2.dylib
0x00000000093f0000 	/usr/lib/libOpenScriptingUtil.dylib
0x00000000093f0000 	/usr/lib/libbz2.1.0.dylib
0x00000000093f0000 	/System/Library/Frameworks/CoreServices.framework/Versions/A/Frameworks/CarbonCore.framework/Versions/A/CarbonCore
0x00000000093f0000 	/System/Library/Frameworks/CoreServices.framework/Versions/A/Frameworks/Metadata.framework/Versions/A/Metadata
0x00000000093f0000 	/System/Library/Frameworks/CoreServices.framework/Versions/A/Frameworks/OSServices.framework/Versions/A/OSServices
0x00000000093f0000 	/System/Library/Frameworks/CoreServices.framework/Versions/A/Frameworks/SearchKit.framework/Versions/A/SearchKit
0x00000000093f0000 	/System/Library/Frameworks/CoreServices.framework/Versions/A/Frameworks/AE.framework/Versions/A/AE
0x00000000093f0000 	/System/Library/Frameworks/CoreServices.framework/Versions/A/Frameworks/LaunchServices.framework/Versions/A/LaunchServices
0x00000000093f0000 	/System/Library/Frameworks/CoreServices.framework/Versions/A/Frameworks/DictionaryServices.framework/Versions/A/DictionaryServices
0x00000000093f0000 	/System/Library/Frameworks/NetFS.framework/Versions/A/NetFS
0x00000000093f0000 	/usr/lib/system/libkxld.dylib
0x00000000093f0000 	/System/Library/PrivateFrameworks/NetAuth.framework/Versions/A/NetAuth
0x00000000093f0000 	/System/Library/PrivateFrameworks/TCC.framework/Versions/A/TCC
0x00000000093f0000 	/System/Library/Frameworks/OpenDirectory.framework/Versions/A/Frameworks/CFOpenDirectory.framework/Versions/A/CFOpenDirectory
0x00000000093f0000 	/System/Library/Frameworks/ServiceManagement.framework/Versions/A/ServiceManagement
0x00000000093f0000 	/usr/lib/libxslt.1.dylib
0x00000000093f0000 	/System/Library/Frameworks/Carbon.framework/Versions/A/Frameworks/Ink.framework/Versions/A/Ink
0x00000000093f0000 	/System/Library/Frameworks/ApplicationServices.framework/Versions/A/Frameworks/ATS.framework/Versions/A/ATS
0x00000000093f0000 	/System/Library/Frameworks/ApplicationServices.framework/Versions/A/Frameworks/ColorSync.framework/Versions/A/ColorSync
0x00000000093f0000 	/System/Library/Frameworks/ApplicationServices.framework/Versions/A/Frameworks/HIServices.framework/Versions/A/HIServices
0x00000000093f0000 	/System/Library/Frameworks/ApplicationServices.framework/Versions/A/Frameworks/LangAnalysis.framework/Versions/A/LangAnalysis
0x00000000093f0000 	/System/Library/Frameworks/ApplicationServices.framework/Versions/A/Frameworks/PrintCore.framework/Versions/A/PrintCore
0x00000000093f0000 	/System/Library/Frameworks/ApplicationServices.framework/Versions/A/Frameworks/QD.framework/Versions/A/QD
0x00000000093f0000 	/System/Library/Frameworks/ApplicationServices.framework/Versions/A/Frameworks/SpeechSynthesis.framework/Versions/A/SpeechSynthesis
0x00000000093f0000 	/System/Library/Frameworks/IOSurface.framework/Versions/A/IOSurface
0x00000000093f0000 	/System/Library/Frameworks/Accelerate.framework/Versions/A/Accelerate
0x00000000093f0000 	/System/Library/Frameworks/Accelerate.framework/Versions/A/Frameworks/vImage.framework/Versions/A/vImage
0x00000000093f0000 	/System/Library/Frameworks/Accelerate.framework/Versions/A/Frameworks/vecLib.framework/Versions/A/vecLib
0x00000000093f0000 	/System/Library/Frameworks/Accelerate.framework/Versions/A/Frameworks/vecLib.framework/Versions/A/libvDSP.dylib
0x00000000093f0000 	/System/Library/Frameworks/Accelerate.framework/Versions/A/Frameworks/vecLib.framework/Versions/A/libvMisc.dylib
0x00000000093f0000 	/System/Library/Frameworks/Accelerate.framework/Versions/A/Frameworks/vecLib.framework/Versions/A/libLAPACK.dylib
0x00000000093f0000 	/System/Library/Frameworks/Accelerate.framework/Versions/A/Frameworks/vecLib.framework/Versions/A/libBLAS.dylib
0x00000000093f0000 	/System/Library/Frameworks/ApplicationServices.framework/Versions/A/Frameworks/ATS.framework/Versions/A/Resources/libFontParser.dylib
0x00000000093f0000 	/System/Library/Frameworks/ApplicationServices.framework/Versions/A/Frameworks/ATS.framework/Versions/A/Resources/libFontRegistry.dylib
0x00000000093f0000 	/System/Library/Frameworks/ImageIO.framework/Versions/A/Resources/libJPEG.dylib
0x00000000093f0000 	/System/Library/Frameworks/ImageIO.framework/Versions/A/Resources/libTIFF.dylib
0x00000000093f0000 	/System/Library/Frameworks/ImageIO.framework/Versions/A/Resources/libPng.dylib
0x00000000093f0000 	/System/Library/Frameworks/ImageIO.framework/Versions/A/Resources/libGIF.dylib
0x00000000093f0000 	/System/Library/Frameworks/ImageIO.framework/Versions/A/Resources/libJP2.dylib
0x00000000093f0000 	/System/Library/Frameworks/ImageIO.framework/Versions/A/Resources/libRadiance.dylib
0x00000000093f0000 	/usr/lib/libcups.2.dylib
0x00000000093f0000 	/System/Library/Frameworks/Kerberos.framework/Versions/A/Kerberos
0x00000000093f0000 	/System/Library/Frameworks/GSS.framework/Versions/A/GSS
0x00000000093f0000 	/usr/lib/libresolv.9.dylib
0x00000000093f0000 	/usr/lib/libiconv.2.dylib
0x00000000093f0000 	/System/Library/PrivateFrameworks/Heimdal.framework/Versions/A/Heimdal
0x00000000093f0000 	/System/Library/PrivateFrameworks/TrustEvaluationAgent.framework/Versions/A/TrustEvaluationAgent
0x00000000093f0000 	/usr/lib/libheimdal-asn1.dylib
0x00000000093f0000 	/System/Library/Frameworks/OpenDirectory.framework/Versions/A/OpenDirectory
0x00000000093f0000 	/System/Library/PrivateFrameworks/CommonAuth.framework/Versions/A/CommonAuth
0x00000000093f0000 	/System/Library/Frameworks/SecurityFoundation.framework/Versions/A/SecurityFoundation
0x00000000093f0000 	/System/Library/PrivateFrameworks/Bom.framework/Versions/A/Bom
0x00000000093f0000 	/System/Library/Frameworks/CoreVideo.framework/Versions/A/CoreVideo
0x00000000093f0000 	/System/Library/Frameworks/QuartzCore.framework/Versions/A/Frameworks/CoreImage.framework/Versions/A/CoreImage
0x00000000093f0000 	/System/Library/Frameworks/QuartzCore.framework/Versions/A/Frameworks/ScalableUserInterface.framework/Versions/A/ScalableUserInterface
0x00000000093f0000 	/System/Library/Frameworks/OpenGL.framework/Versions/A/Libraries/libGLU.dylib
0x00000000093f0000 	/System/Library/Frameworks/OpenGL.framework/Versions/A/Libraries/libGFXShared.dylib
0x00000000093f0000 	/System/Library/Frameworks/OpenGL.framework/Versions/A/Libraries/libGL.dylib
0x00000000093f0000 	/System/Library/Frameworks/OpenGL.framework/Versions/A/Libraries/libGLImage.dylib
0x00000000093f0000 	/System/Library/Frameworks/OpenGL.framework/Versions/A/Libraries/libCVMSPluginSupport.dylib
0x00000000093f0000 	/System/Library/Frameworks/OpenGL.framework/Versions/A/Libraries/libCoreVMClient.dylib
0x00000000093f0000 	/System/Library/PrivateFrameworks/FaceCore.framework/Versions/A/FaceCore
0x00000000093f0000 	/System/Library/PrivateFrameworks/CrashReporterSupport.framework/Versions/A/CrashReporterSupport
0x00000000093f0000 	/System/Library/Frameworks/OpenCL.framework/Versions/A/OpenCL
0x00000000093f0000 	/System/Library/PrivateFrameworks/AppleFSCompression.framework/Versions/A/AppleFSCompression
0x00000000093f0000 	/System/Library/PrivateFrameworks/Ubiquity.framework/Versions/A/Ubiquity
0x00000000093f0000 	/System/Library/PrivateFrameworks/IconServices.framework/Versions/A/IconServices
0x00000000093f0000 	/System/Library/PrivateFrameworks/ChunkingLibrary.framework/Versions/A/ChunkingLibrary
0x00000000093f0000 	/System/Library/PrivateFrameworks/CoreSymbolication.framework/Versions/A/CoreSymbolication
0x00000000093f0000 	/System/Library/PrivateFrameworks/Symbolication.framework/Versions/A/Symbolication
0x00000000093f0000 	/System/Library/PrivateFrameworks/DebugSymbols.framework/Versions/A/DebugSymbols
0x000000010be2b000 	/Library/Java/JavaVirtualMachines/jdk1.7.0_45.jdk/Contents/Home/jre/lib/server/libjvm.dylib
0x00000000093f0000 	/usr/lib/libstdc++.6.dylib
0x000000010c981000 	/Library/Java/JavaVirtualMachines/jdk1.7.0_45.jdk/Contents/Home/jre/lib/libverify.dylib
0x000000010c98e000 	/Library/Java/JavaVirtualMachines/jdk1.7.0_45.jdk/Contents/Home/jre/lib/libjava.dylib
0x000000010c9c8000 	/Library/Java/JavaVirtualMachines/jdk1.7.0_45.jdk/Contents/Home/jre/lib/libzip.dylib
0x0000000158b29000 	/System/Library/Frameworks/JavaVM.framework/Frameworks/JavaRuntimeSupport.framework/JavaRuntimeSupport
0x0000000158b41000 	/System/Library/Frameworks/JavaVM.framework/Versions/A/Frameworks/JavaNativeFoundation.framework/Versions/A/JavaNativeFoundation
0x0000000158b56000 	/System/Library/Frameworks/JavaVM.framework/Versions/A/JavaVM
0x00000000093f0000 	/System/Library/Frameworks/Carbon.framework/Versions/A/Carbon
0x0000000158b63000 	/System/Library/PrivateFrameworks/JavaLaunching.framework/Versions/A/JavaLaunching
0x00000000093f0000 	/System/Library/Frameworks/Carbon.framework/Versions/A/Frameworks/CommonPanels.framework/Versions/A/CommonPanels
0x00000000093f0000 	/System/Library/Frameworks/Carbon.framework/Versions/A/Frameworks/Help.framework/Versions/A/Help
0x00000000093f0000 	/System/Library/Frameworks/Carbon.framework/Versions/A/Frameworks/ImageCapture.framework/Versions/A/ImageCapture
0x00000000093f0000 	/System/Library/Frameworks/Carbon.framework/Versions/A/Frameworks/OpenScripting.framework/Versions/A/OpenScripting
0x00000000093f0000 	/System/Library/Frameworks/Carbon.framework/Versions/A/Frameworks/Print.framework/Versions/A/Print
0x00000000093f0000 	/System/Library/Frameworks/Carbon.framework/Versions/A/Frameworks/SecurityHI.framework/Versions/A/SecurityHI
0x000000015921c000 	/private/var/folders/3v/7y978v991m19l31thrd51b7w0000gn/T/libgdxbasroding/92bf976d/libgdx.dylib
0x000000015928b000 	/Library/Java/JavaVirtualMachines/jdk1.7.0_45.jdk/Contents/Home/jre/lib/libawt.dylib
0x000000015933a000 	/Library/Java/JavaVirtualMachines/jdk1.7.0_45.jdk/Contents/Home/jre/lib/./libmlib_image.dylib
0x0000000159406000 	/Library/Java/JavaVirtualMachines/jdk1.7.0_45.jdk/Contents/Home/jre/lib/lwawt/liblwawt.dylib
0x00000001594ba000 	/Library/Java/JavaVirtualMachines/jdk1.7.0_45.jdk/Contents/Home/jre/lib/libosxapp.dylib
0x00000000093f0000 	/System/Library/Frameworks/ExceptionHandling.framework/Versions/A/ExceptionHandling
0x00000000093f0000 	/System/Library/PrivateFrameworks/CoreServicesInternal.framework/Versions/A/CoreServicesInternal
0x00000000093f0000 	/System/Library/PrivateFrameworks/Librarian.framework/Versions/A/Librarian
0x00000000093f0000 	/System/Library/Frameworks/CoreGraphics.framework/Versions/A/Resources/libCGCMS.A.dylib
0x00000000093f0000 	/System/Library/Frameworks/CoreGraphics.framework/Versions/A/Resources/libRIP.A.dylib
0x00000000093f0000 	/System/Library/Frameworks/CoreGraphics.framework/Versions/A/Resources/libCGXType.A.dylib
0x00000000093f0000 	/System/Library/PrivateFrameworks/FamilyControls.framework/Versions/A/FamilyControls
0x00000000093f0000 	/System/Library/PrivateFrameworks/CommerceKit.framework/Versions/A/Frameworks/CommerceCore.framework/Versions/A/CommerceCore
0x00000000093f0000 	/System/Library/PrivateFrameworks/SystemAdministration.framework/Versions/A/SystemAdministration
0x00000000093f0000 	/System/Library/Frameworks/DirectoryService.framework/Versions/A/DirectoryService
0x00000000093f0000 	/System/Library/PrivateFrameworks/DiskImages.framework/Versions/A/DiskImages
0x00000000093f0000 	/System/Library/PrivateFrameworks/LoginUIKit.framework/Versions/A/Frameworks/LoginUICore.framework/Versions/A/LoginUICore
0x00000000093f0000 	/usr/lib/libCoreStorage.dylib
0x00000000093f0000 	/usr/lib/libcsfde.dylib
0x00000000093f0000 	/usr/lib/libodfde.dylib
0x00000000093f0000 	/System/Library/Frameworks/DiscRecording.framework/Versions/A/DiscRecording
0x00000000093f0000 	/usr/lib/libcurl.4.dylib
0x00000000093f0000 	/System/Library/PrivateFrameworks/MediaKit.framework/Versions/A/MediaKit
0x00000000093f0000 	/System/Library/PrivateFrameworks/EFILogin.framework/Versions/A/EFILogin
0x00000000093f0000 	/usr/lib/libutil.dylib
0x00000000093f0000 	/System/Library/PrivateFrameworks/AOSNotification.framework/Versions/A/AOSNotification
0x00000000093f0000 	/System/Library/Frameworks/LDAP.framework/Versions/A/LDAP
0x00000000093f0000 	/usr/lib/libsasl2.2.dylib
0x00000000093f0000 	/usr/lib/libcrypto.0.9.8.dylib
0x00000000093f0000 	/usr/lib/libssl.0.9.8.dylib
0x000000015d39f000 	/Library/Java/JavaVirtualMachines/jdk1.7.0_45.jdk/Contents/Home/jre/lib/libfontmanager.dylib
0x000000015d403000 	/private/var/folders/3v/7y978v991m19l31thrd51b7w0000gn/T/libgdxbasroding/75260a42/liblwjgl.jnilib
0x000000015baab000 	/Library/Java/JavaVirtualMachines/jdk1.7.0_45.jdk/Contents/Home/jre/lib/libjawt.dylib
0x000000015d47e000 	/var/folders/3v/7y978v991m19l31thrd51b7w0000gn/T/libgdxbasroding/75260a42/openal.dylib
0x000000015d4ed000 	/System/Library/Components/CoreAudio.component/Contents/MacOS/CoreAudio
0x000000015d768000 	/System/Library/Extensions/AppleHDA.kext/Contents/PlugIns/AppleHDAHALPlugIn.bundle/Contents/MacOS/AppleHDAHALPlugIn
0x00000000093f0000 	/System/Library/Frameworks/OpenGL.framework/Versions/A/Resources/GLEngine.bundle/GLEngine
0x00000000093f0000 	/System/Library/Frameworks/OpenGL.framework/Versions/A/Libraries/libGLProgrammability.dylib
0x0000000000000000 	/System/Library/Extensions/GeForceTeslaGLDriver.bundle/Contents/MacOS/GeForceTeslaGLDriver
0x000000015d90e000 	/System/Library/PrivateFrameworks/GPUSupport.framework/Versions/A/Libraries/libGPUSupport.dylib
0x000000015d920000 	/System/Library/Extensions/GeForceTeslaGLDriver.bundle/Contents/MacOS/libclh.dylib
0x00000000093f0000 	/System/Library/Frameworks/OpenGL.framework/Versions/A/Resources/GLRendererFloat.bundle/GLRendererFloat
0x00000000093f0000 	/System/Library/Frameworks/OpenCL.framework/Versions/A/Libraries/libcldcpuengine.dylib

VM Arguments:
jvm_args: -Dfile.encoding=UTF-8 
java_command: nl.basroding.explorer.Explorer
Launcher Type: SUN_STANDARD

Environment Variables:
PATH=/usr/bin:/bin:/usr/sbin:/sbin
LD_LIBRARY_PATH=/Library/Java/JavaVirtualMachines/jdk1.7.0_45.jdk/Contents/Home/jre/lib/amd64:/Library/Java/JavaVirtualMachines/jdk1.7.0_45.jdk/Contents/Home/jre/lib/i386:
SHELL=/bin/bash
DYLD_LIBRARY_PATH=/Applications/NetBeans/NetBeans 7.4.app/Contents/Resources/NetBeans/webcommon/bin:

Signal Handlers:
SIGSEGV: [libjvm.dylib+0x525415], sa_mask[0]=0xfffefeff, sa_flags=0x00000043
SIGBUS: [libjvm.dylib+0x525415], sa_mask[0]=0xfffefeff, sa_flags=0x00000042
SIGFPE: [libjvm.dylib+0x41891a], sa_mask[0]=0xfffefeff, sa_flags=0x00000042
SIGPIPE: [libjvm.dylib+0x41891a], sa_mask[0]=0xfffefeff, sa_flags=0x00000042
SIGXFSZ: [libjvm.dylib+0x41891a], sa_mask[0]=0xfffefeff, sa_flags=0x00000042
SIGILL: [libjvm.dylib+0x41891a], sa_mask[0]=0xfffefeff, sa_flags=0x00000042
SIGUSR1: SIG_DFL, sa_mask[0]=0x00000000, sa_flags=0x00000002
SIGUSR2: [libjvm.dylib+0x41840c], sa_mask[0]=0x00000004, sa_flags=0x00000042
SIGHUP: [libjvm.dylib+0x41669b], sa_mask[0]=0xfffefeff, sa_flags=0x00000042
SIGINT: SIG_IGN, sa_mask[0]=0x00000000, sa_flags=0x00000000
SIGTERM: [libjvm.dylib+0x41669b], sa_mask[0]=0xfffefeff, sa_flags=0x00000042
SIGQUIT: [libjvm.dylib+0x41669b], sa_mask[0]=0xfffefeff, sa_flags=0x00000042


---------------  S Y S T E M  ---------------

OS:Bsduname:Darwin 13.0.0 Darwin Kernel Version 13.0.0: Thu Sep 19 22:22:27 PDT 2013; root:xnu-2422.1.72~6/RELEASE_X86_64 x86_64
rlimit: STACK 8192k, CORE 0k, NPROC 709, NOFILE 10240, AS infinity
load average:1.43 1.44 1.61

CPU:total 2 (2 cores per cpu, 1 threads per core) family 6 model 23 stepping 10, cmov, cx8, fxsr, mmx, sse, sse2, sse3, ssse3, sse4.1, tsc

Memory: 4k page, physical 4194304k(1048576k free)

/proc/meminfo:


vm_info: Java HotSpot(TM) 64-Bit Server VM (24.45-b08) for bsd-amd64 JRE (1.7.0_45-b18), built on Oct  8 2013 05:54:16 by "java_re" with gcc 4.2.1 (Based on Apple Inc. build 5658) (LLVM build 2336.11.00)

time: Thu Nov  7 18:54:31 2013
elapsed time: 13 seconds

