/*C3*/SET SCHEMA PUBLIC
alter table Driver drop constraint FK7A8184484544D127
alter table Driver drop constraint FK7A818448ED27008D
drop table Country if exists
drop table Driver if exists
drop table Team if exists
drop table Team_Driver if exists
create table Country (id integer generated by default as identity (start with 1), name varchar(255), primary key (id))
create table Driver (id integer generated by default as identity (start with 1), concentration integer not null, endurance integer not null, handling integer not null, influence integer not null, pressure integer not null, setup integer not null, singlelap integer not null, wetweather integer not null, forName varchar(255), surName varchar(255), country_id integer, team_id integer, primary key (id))
create table Team (id integer generated by default as identity (start with 1), name varchar(255), primary key (id))
create table Team_Driver (Team_id integer not null, drivers_id integer not null, unique (drivers_id))
alter table Driver add constraint FK7A8184484544D127 foreign key (country_id) references Country
alter table Driver add constraint FK7A818448ED27008D foreign key (team_id) references Team
alter table Team_Driver add constraint FKC0C3F44A52CEEBEA foreign key (drivers_id) references Driver
alter table Team_Driver add constraint FKC0C3F44AED27008D foreign key (Team_id) references Team
INSERT INTO COUNTRY VALUES(1,'Holland')
INSERT INTO TEAM VALUES(1,'Ferrari')
INSERT INTO TEAM VALUES(2,'Ferrari')
INSERT INTO TEAM VALUES(3,'Ferrari')
INSERT INTO DRIVER VALUES(1,50,50,50,50,50,50,50,50,'Bas','Roding',1,NULL)
INSERT INTO DRIVER VALUES(2,50,50,50,50,50,50,50,50,'Bas','Roding',1,NULL)
INSERT INTO DRIVER VALUES(3,50,50,50,50,50,50,50,50,'Bas','Roding',1,NULL)
INSERT INTO DRIVER VALUES(4,50,50,50,50,50,50,50,50,'Bas','Roding',1,NULL)
INSERT INTO TEAM_DRIVER VALUES(1,2)
INSERT INTO TEAM_DRIVER VALUES(1,1)
INSERT INTO TEAM_DRIVER VALUES(1,3)
INSERT INTO TEAM_DRIVER VALUES(1,4)
COMMIT
